2025-03-21 15:13:08 - INFO - app.py:<module>:42 - 'Starting up LIME! (app)'
2025-03-21 15:13:09 - INFO - app.py:<module>:42 - 'Starting up LIME! (app)'
2025-03-21 15:13:09 - INFO - app.py:<module>:42 - 'Starting up LIME! (app)'
2025-03-21 15:13:09 - INFO - app.py:<module>:42 - 'Starting up LIME! (app)'
2025-03-21 15:13:09 - INFO - app.py:<module>:42 - 'Starting up LIME! (app)'
2025-03-21 15:14:45 - INFO - app.py:<module>:42 - 'Starting up LIME! (__main__)'
2025-03-21 15:14:45 - INFO - app.py:<module>:42 - 'Starting up LIME! (__main__)'
2025-03-21 15:15:13 - INFO - app.py:home:486 - 'We have a visitor!'
2025-03-21 15:15:44 - INFO - app.py:start_process:493 - 'Receiving single calculation request'
2025-03-21 15:15:45 - INFO - app.py:start_process:508 - 'Queued single calculation task with task_id: 846bd1bf-7877-4f9f-89df-7d67b0d96ac1'
2025-03-21 15:16:50 - INFO - app.py:<module>:42 - 'Starting up LIME! (app)'
2025-03-21 15:16:50 - INFO - app.py:<module>:42 - 'Starting up LIME! (app)'
2025-03-21 15:16:50 - INFO - app.py:<module>:42 - 'Starting up LIME! (app)'
2025-03-21 15:16:50 - INFO - app.py:<module>:42 - 'Starting up LIME! (app)'
2025-03-21 15:16:50 - INFO - app.py:<module>:42 - 'Starting up LIME! (app)'
2025-03-21 15:16:51 - INFO - app.py:process_data:515 - 'Starting model calculation'
2025-03-21 15:16:51 - INFO - app.py:process_computation:257 - 'Starting calculation with L=5e+05, T=4e+04, M=40, Z=0.00667'
2025-03-21 15:16:57 - INFO - app.py:process_computation:260 - 'Calculation done! It took 3 iterations in 6.51 seconds'
2025-03-21 15:16:57 - INFO - app.py:process_computation:285 - 'Making result pdf'
2025-03-21 15:16:57 - INFO - app.py:process_computation:468 - 'PDF made!'
2025-03-21 15:16:57 - INFO - app.py:process_data:596 - 'Model calculation done PDF available at http://192.168.0.179:8000/tmp/tmpyajbeacn/result/result.pdf'
2025-03-21 15:17:26 - INFO - app.py:start_process:493 - 'Receiving single calculation request'
2025-03-21 15:17:27 - INFO - app.py:start_process:508 - 'Queued single calculation task with task_id: 5a296b4a-299b-4592-b8d4-31a5b7767d8a'
2025-03-21 15:17:27 - INFO - app.py:process_data:515 - 'Starting model calculation'
2025-03-21 15:17:27 - INFO - app.py:process_computation:257 - 'Starting calculation with L=5e+05, T=4e+04, M=40, Z=0.00667'
2025-03-21 15:17:33 - INFO - app.py:process_computation:260 - 'Calculation done! It took 3 iterations in 6.13 seconds'
2025-03-21 15:17:33 - INFO - app.py:process_computation:285 - 'Making result pdf'
2025-03-21 15:17:33 - INFO - app.py:process_computation:468 - 'PDF made!'
2025-03-21 15:17:33 - INFO - app.py:process_data:596 - 'Model calculation done PDF available at http://192.168.0.179:8000/tmp/tmpw6_16h1w/result/result.pdf'
2025-03-24 14:49:47 - INFO - app.py:<module>:42 - 'Starting up LIME! (app)'
2025-03-24 14:49:47 - INFO - app.py:<module>:42 - 'Starting up LIME! (app)'
2025-03-24 14:49:47 - INFO - app.py:<module>:42 - 'Starting up LIME! (app)'
2025-03-24 14:49:48 - INFO - app.py:<module>:42 - 'Starting up LIME! (app)'
2025-03-24 14:49:48 - INFO - app.py:<module>:42 - 'Starting up LIME! (app)'
