2025-02-27 10:50:54,539 -  * Running on http://127.0.0.1:5000/ (Press CTRL+C to quit)
2025-02-27 10:50:54,542 -  * Restarting with watchdog (inotify)
2025-02-27 10:50:55,283 -  * Debugger is active!
2025-02-27 10:50:55,283 -  * Debugger PIN: 546-848-715
2025-02-27 10:50:55,536 - Normalized CPU Usage (Single Core): 1.00%
2025-02-27 10:50:55,536 - Memory Usage: 142.92 MB
2025-02-27 10:50:56,281 - Normalized CPU Usage (Single Core): 30.00%
2025-02-27 10:50:56,282 - Memory Usage: 142.83 MB
2025-02-27 10:50:56,538 - Normalized CPU Usage (Single Core): 0.00%
2025-02-27 10:50:56,539 - Memory Usage: 144.04 MB
2025-02-27 10:50:57,284 - Normalized CPU Usage (Single Core): 2.00%
2025-02-27 10:50:57,284 - Memory Usage: 147.96 MB
2025-02-27 10:50:57,540 - Normalized CPU Usage (Single Core): 0.00%
2025-02-27 10:50:57,540 - Memory Usage: 144.04 MB
2025-02-27 10:50:58,286 - Normalized CPU Usage (Single Core): 1.00%
2025-02-27 10:50:58,286 - Memory Usage: 147.96 MB
2025-02-27 10:50:58,541 - Normalized CPU Usage (Single Core): 0.00%
2025-02-27 10:50:58,542 - Memory Usage: 144.04 MB
2025-02-27 10:50:59,289 - Normalized CPU Usage (Single Core): 0.00%
2025-02-27 10:50:59,289 - Memory Usage: 147.96 MB
2025-02-27 10:50:59,543 - Normalized CPU Usage (Single Core): 0.00%
2025-02-27 10:50:59,544 - Memory Usage: 144.04 MB
2025-02-27 10:51:00,292 - Normalized CPU Usage (Single Core): 1.00%
2025-02-27 10:51:00,292 - Memory Usage: 147.96 MB
2025-02-27 10:51:00,544 - Normalized CPU Usage (Single Core): 0.00%
2025-02-27 10:51:00,544 - Memory Usage: 144.04 MB
2025-02-27 10:51:01,294 - Normalized CPU Usage (Single Core): 1.00%
2025-02-27 10:51:01,294 - Memory Usage: 147.96 MB
2025-02-27 10:51:01,545 - Normalized CPU Usage (Single Core): 0.00%
2025-02-27 10:51:01,545 - Memory Usage: 144.04 MB
2025-02-27 10:51:02,297 - Normalized CPU Usage (Single Core): 1.00%
2025-02-27 10:51:02,297 - Memory Usage: 147.96 MB
2025-02-27 10:51:02,546 - Normalized CPU Usage (Single Core): 0.00%
2025-02-27 10:51:02,546 - Memory Usage: 144.04 MB
2025-02-27 10:51:03,299 - Normalized CPU Usage (Single Core): 1.00%
2025-02-27 10:51:03,299 - Memory Usage: 147.96 MB
2025-02-27 10:51:03,548 - Normalized CPU Usage (Single Core): 0.00%
2025-02-27 10:51:03,548 - Memory Usage: 144.04 MB
2025-02-27 10:51:04,301 - Normalized CPU Usage (Single Core): 1.00%
2025-02-27 10:51:04,301 - Memory Usage: 147.96 MB
2025-02-27 10:51:04,550 - Normalized CPU Usage (Single Core): 0.00%
2025-02-27 10:51:04,550 - Memory Usage: 144.04 MB
2025-02-27 10:51:05,302 - Normalized CPU Usage (Single Core): 2.00%
2025-02-27 10:51:05,302 - Memory Usage: 147.96 MB
2025-02-27 10:51:05,551 - Normalized CPU Usage (Single Core): 0.00%
2025-02-27 10:51:05,552 - Memory Usage: 144.04 MB
2025-02-27 10:51:06,305 - Normalized CPU Usage (Single Core): 0.00%
2025-02-27 10:51:06,305 - Memory Usage: 147.96 MB
2025-02-27 10:51:06,552 - Normalized CPU Usage (Single Core): 0.00%
2025-02-27 10:51:06,552 - Memory Usage: 144.04 MB
2025-02-27 10:51:07,306 - Normalized CPU Usage (Single Core): 1.00%
2025-02-27 10:51:07,306 - Memory Usage: 147.96 MB
2025-02-27 10:51:07,553 - Normalized CPU Usage (Single Core): 0.00%
2025-02-27 10:51:07,553 - Memory Usage: 144.04 MB
2025-02-27 10:51:08,308 - Normalized CPU Usage (Single Core): 0.00%
2025-02-27 10:51:08,309 - Memory Usage: 147.96 MB
2025-02-27 10:51:08,554 - Normalized CPU Usage (Single Core): 0.00%
2025-02-27 10:51:08,555 - Memory Usage: 144.04 MB
2025-02-27 10:51:09,320 - Normalized CPU Usage (Single Core): 2.00%
2025-02-27 10:51:09,320 - Memory Usage: 147.96 MB
2025-02-27 10:51:09,556 - Normalized CPU Usage (Single Core): 0.00%
2025-02-27 10:51:09,556 - Memory Usage: 144.04 MB
2025-02-27 10:51:10,322 - Normalized CPU Usage (Single Core): 1.00%
2025-02-27 10:51:10,323 - Memory Usage: 147.96 MB
2025-02-27 10:51:10,558 - Normalized CPU Usage (Single Core): 0.00%
2025-02-27 10:51:10,558 - Memory Usage: 144.04 MB
2025-02-27 10:51:11,324 - Normalized CPU Usage (Single Core): 1.00%
2025-02-27 10:51:11,325 - Memory Usage: 148.08 MB
2025-02-27 10:51:11,559 - Normalized CPU Usage (Single Core): 0.00%
2025-02-27 10:51:11,559 - Memory Usage: 144.04 MB
2025-02-27 10:51:12,327 - Normalized CPU Usage (Single Core): 1.00%
2025-02-27 10:51:12,327 - Memory Usage: 148.08 MB
2025-02-27 10:51:12,490 - 127.0.0.1 - - [27/Feb/2025 10:51:12] "POST /upload_csv HTTP/1.1" 200 -
2025-02-27 10:51:12,560 - Normalized CPU Usage (Single Core): 0.00%
2025-02-27 10:51:12,560 - Memory Usage: 144.04 MB
2025-02-27 10:51:13,561 - Normalized CPU Usage (Single Core): 0.00%
2025-02-27 10:51:13,561 - Memory Usage: 144.04 MB
2025-02-27 10:51:13,958 - Normalized CPU Usage (Single Core): 91.40%
2025-02-27 10:51:13,959 - Memory Usage: 148.08 MB
2025-02-27 10:51:14,562 - Normalized CPU Usage (Single Core): 0.00%
2025-02-27 10:51:14,562 - Memory Usage: 144.04 MB
2025-02-27 10:51:15,564 - Normalized CPU Usage (Single Core): 0.00%
2025-02-27 10:51:15,564 - Memory Usage: 144.04 MB
2025-02-27 10:51:16,191 - Normalized CPU Usage (Single Core): 101.40%
2025-02-27 10:51:16,192 - Memory Usage: 281.03 MB
2025-02-27 10:51:16,565 - Normalized CPU Usage (Single Core): 0.00%
2025-02-27 10:51:16,566 - Memory Usage: 144.04 MB
2025-02-27 10:51:17,567 - Normalized CPU Usage (Single Core): 0.00%
2025-02-27 10:51:17,567 - Memory Usage: 144.04 MB
2025-02-27 10:51:18,217 - Normalized CPU Usage (Single Core): 101.70%
2025-02-27 10:51:18,218 - Memory Usage: 328.86 MB
2025-02-27 10:51:18,568 - Normalized CPU Usage (Single Core): 0.00%
2025-02-27 10:51:18,568 - Memory Usage: 144.04 MB
2025-02-27 10:51:19,569 - Normalized CPU Usage (Single Core): 0.00%
2025-02-27 10:51:19,569 - Memory Usage: 144.04 MB
2025-02-27 10:51:20,245 - Normalized CPU Usage (Single Core): 101.80%
2025-02-27 10:51:20,245 - Memory Usage: 337.04 MB
2025-02-27 10:51:20,570 - Normalized CPU Usage (Single Core): 0.00%
2025-02-27 10:51:20,570 - Memory Usage: 144.04 MB
2025-02-27 10:51:21,095 - iteration completed in 8.61 seconds
2025-02-27 10:51:21,572 - Normalized CPU Usage (Single Core): 0.00%
2025-02-27 10:51:21,572 - Memory Usage: 144.04 MB
2025-02-27 10:51:22,573 - Normalized CPU Usage (Single Core): 0.00%
2025-02-27 10:51:22,574 - Memory Usage: 144.04 MB
2025-02-27 10:51:22,619 - Normalized CPU Usage (Single Core): 101.80%
2025-02-27 10:51:22,619 - Memory Usage: 341.31 MB
2025-02-27 10:51:23,575 - Normalized CPU Usage (Single Core): 0.00%
2025-02-27 10:51:23,575 - Memory Usage: 144.04 MB
2025-02-27 10:51:24,576 - Normalized CPU Usage (Single Core): 0.00%
2025-02-27 10:51:24,576 - Memory Usage: 144.04 MB
2025-02-27 10:51:24,754 - Normalized CPU Usage (Single Core): 101.90%
2025-02-27 10:51:24,754 - Memory Usage: 342.24 MB
2025-02-27 10:51:25,577 - Normalized CPU Usage (Single Core): 0.00%
2025-02-27 10:51:25,577 - Memory Usage: 144.04 MB
2025-02-27 10:51:26,579 - Normalized CPU Usage (Single Core): 0.00%
2025-02-27 10:51:26,579 - Memory Usage: 144.04 MB
2025-02-27 10:51:27,031 - Normalized CPU Usage (Single Core): 102.40%
2025-02-27 10:51:27,031 - Memory Usage: 342.23 MB
2025-02-27 10:51:27,580 - Normalized CPU Usage (Single Core): 0.00%
2025-02-27 10:51:27,580 - Memory Usage: 144.04 MB
2025-02-27 10:51:28,582 - Normalized CPU Usage (Single Core): 0.00%
2025-02-27 10:51:28,582 - Memory Usage: 144.04 MB
2025-02-27 10:51:29,310 - Normalized CPU Usage (Single Core): 102.00%
2025-02-27 10:51:29,311 - Memory Usage: 342.24 MB
2025-02-27 10:51:29,583 - Normalized CPU Usage (Single Core): 0.00%
2025-02-27 10:51:29,583 - Memory Usage: 144.04 MB
2025-02-27 10:51:30,314 - Normalized CPU Usage (Single Core): 102.80%
2025-02-27 10:51:30,314 - Memory Usage: 344.59 MB
2025-02-27 10:51:30,338 - iteration completed in 9.24 seconds
2025-02-27 10:51:30,340 -  * Detected change in '/home/dwaipayand/Mforce_MCAK/web/CAK/tmp/tmp23vhqd6o/final_results.zip', reloading
2025-02-27 10:51:30,340 -  * Detected change in '/home/dwaipayand/Mforce_MCAK/web/CAK/tmp/tmp23vhqd6o/final_results.zip', reloading
2025-02-27 10:51:30,341 -  * Detected change in '/home/dwaipayand/Mforce_MCAK/web/CAK/tmp/tmp23vhqd6o/final_results.zip', reloading
2025-02-27 10:51:30,341 -  * Detected change in '/home/dwaipayand/Mforce_MCAK/web/CAK/tmp/tmp23vhqd6o/final_results.zip', reloading
2025-02-27 10:51:30,341 -  * Detected change in '/home/dwaipayand/Mforce_MCAK/web/CAK/tmp/tmp23vhqd6o/final_results.zip', reloading
2025-02-27 10:51:30,341 -  * Detected change in '/home/dwaipayand/Mforce_MCAK/web/CAK/tmp/tmp23vhqd6o/final_results.zip', reloading
2025-02-27 10:51:30,341 -  * Detected change in '/home/dwaipayand/Mforce_MCAK/web/CAK/tmp/tmp23vhqd6o/final_results.zip', reloading
2025-02-27 10:51:30,341 -  * Detected change in '/home/dwaipayand/Mforce_MCAK/web/CAK/tmp/tmp23vhqd6o/final_results.zip', reloading
2025-02-27 10:51:30,341 -  * Detected change in '/home/dwaipayand/Mforce_MCAK/web/CAK/tmp/tmp23vhqd6o/final_results.zip', reloading
2025-02-27 10:51:30,342 -  * Detected change in '/home/dwaipayand/Mforce_MCAK/web/CAK/tmp/tmp23vhqd6o/final_results.zip', reloading
2025-02-27 10:51:30,342 -  * Detected change in '/home/dwaipayand/Mforce_MCAK/web/CAK/tmp/tmp23vhqd6o/final_results.zip', reloading
2025-02-27 10:51:30,342 -  * Detected change in '/home/dwaipayand/Mforce_MCAK/web/CAK/tmp/tmp23vhqd6o/final_results.zip', reloading
2025-02-27 10:51:30,342 -  * Detected change in '/home/dwaipayand/Mforce_MCAK/web/CAK/tmp/tmp23vhqd6o/final_results.zip', reloading
2025-02-27 10:51:30,342 -  * Detected change in '/home/dwaipayand/Mforce_MCAK/web/CAK/tmp/tmp23vhqd6o/final_results.zip', reloading
2025-02-27 10:51:30,342 -  * Detected change in '/home/dwaipayand/Mforce_MCAK/web/CAK/tmp/tmp23vhqd6o/final_results.zip', reloading
2025-02-27 10:51:30,342 -  * Detected change in '/home/dwaipayand/Mforce_MCAK/web/CAK/tmp/tmp23vhqd6o/final_results.zip', reloading
2025-02-27 10:51:30,343 -  * Detected change in '/home/dwaipayand/Mforce_MCAK/web/CAK/tmp/tmp23vhqd6o/final_results.zip', reloading
2025-02-27 10:51:30,343 -  * Detected change in '/home/dwaipayand/Mforce_MCAK/web/CAK/tmp/tmp23vhqd6o/final_results.zip', reloading
2025-02-27 10:51:30,343 -  * Detected change in '/home/dwaipayand/Mforce_MCAK/web/CAK/tmp/tmp23vhqd6o/final_results.zip', reloading
2025-02-27 10:51:30,343 -  * Detected change in '/home/dwaipayand/Mforce_MCAK/web/CAK/tmp/tmp23vhqd6o/final_results.zip', reloading
2025-02-27 10:51:30,343 -  * Detected change in '/home/dwaipayand/Mforce_MCAK/web/CAK/tmp/tmp23vhqd6o/final_results.zip', reloading
2025-02-27 10:51:30,343 -  * Detected change in '/home/dwaipayand/Mforce_MCAK/web/CAK/tmp/tmp23vhqd6o/final_results.zip', reloading
2025-02-27 10:51:30,344 -  * Detected change in '/home/dwaipayand/Mforce_MCAK/web/CAK/tmp/tmp23vhqd6o/final_results.zip', reloading
2025-02-27 10:51:30,344 -  * Detected change in '/home/dwaipayand/Mforce_MCAK/web/CAK/tmp/tmp23vhqd6o/final_results.zip', reloading
2025-02-27 10:51:30,344 -  * Detected change in '/home/dwaipayand/Mforce_MCAK/web/CAK/tmp/tmp23vhqd6o/final_results.zip', reloading
2025-02-27 10:51:30,344 -  * Detected change in '/home/dwaipayand/Mforce_MCAK/web/CAK/tmp/tmp23vhqd6o/final_results.zip', reloading
2025-02-27 10:51:30,345 -  * Detected change in '/home/dwaipayand/Mforce_MCAK/web/CAK/tmp/tmp23vhqd6o/final_results.zip', reloading
2025-02-27 10:51:30,345 -  * Detected change in '/home/dwaipayand/Mforce_MCAK/web/CAK/tmp/tmp23vhqd6o/final_results.zip', reloading
2025-02-27 10:51:30,345 -  * Detected change in '/home/dwaipayand/Mforce_MCAK/web/CAK/tmp/tmp23vhqd6o/final_results.zip', reloading
2025-02-27 10:51:30,345 -  * Detected change in '/home/dwaipayand/Mforce_MCAK/web/CAK/tmp/tmp23vhqd6o/final_results.zip', reloading
2025-02-27 10:51:30,346 -  * Detected change in '/home/dwaipayand/Mforce_MCAK/web/CAK/tmp/tmp23vhqd6o/final_results.zip', reloading
2025-02-27 10:51:30,346 -  * Detected change in '/home/dwaipayand/Mforce_MCAK/web/CAK/tmp/tmp23vhqd6o/final_results.zip', reloading
2025-02-27 10:51:30,346 -  * Detected change in '/home/dwaipayand/Mforce_MCAK/web/CAK/tmp/tmp23vhqd6o/final_results.zip', reloading
2025-02-27 10:51:30,346 -  * Detected change in '/home/dwaipayand/Mforce_MCAK/web/CAK/tmp/tmp23vhqd6o/final_results.zip', reloading
2025-02-27 10:51:30,346 -  * Detected change in '/home/dwaipayand/Mforce_MCAK/web/CAK/tmp/tmp23vhqd6o/final_results.zip', reloading
2025-02-27 10:51:30,346 -  * Detected change in '/home/dwaipayand/Mforce_MCAK/web/CAK/tmp/tmp23vhqd6o/final_results.zip', reloading
2025-02-27 10:51:30,347 -  * Detected change in '/home/dwaipayand/Mforce_MCAK/web/CAK/tmp/tmp23vhqd6o/final_results.zip', reloading
2025-02-27 10:51:30,347 -  * Detected change in '/home/dwaipayand/Mforce_MCAK/web/CAK/tmp/tmp23vhqd6o/final_results.zip', reloading
2025-02-27 10:51:30,347 -  * Detected change in '/home/dwaipayand/Mforce_MCAK/web/CAK/tmp/tmp23vhqd6o/final_results.zip', reloading
2025-02-27 10:51:30,347 -  * Detected change in '/home/dwaipayand/Mforce_MCAK/web/CAK/tmp/tmp23vhqd6o/final_results.zip', reloading
2025-02-27 10:51:30,347 -  * Detected change in '/home/dwaipayand/Mforce_MCAK/web/CAK/tmp/tmp23vhqd6o/final_results.zip', reloading
2025-02-27 10:51:30,347 -  * Detected change in '/home/dwaipayand/Mforce_MCAK/web/CAK/tmp/tmp23vhqd6o/final_results.zip', reloading
2025-02-27 10:51:30,348 -  * Detected change in '/home/dwaipayand/Mforce_MCAK/web/CAK/tmp/tmp23vhqd6o/final_results.zip', reloading
2025-02-27 10:51:30,348 -  * Detected change in '/home/dwaipayand/Mforce_MCAK/web/CAK/tmp/tmp23vhqd6o/final_results.zip', reloading
2025-02-27 10:51:30,348 -  * Detected change in '/home/dwaipayand/Mforce_MCAK/web/CAK/tmp/tmp23vhqd6o/final_results.zip', reloading
2025-02-27 10:51:30,348 -  * Detected change in '/home/dwaipayand/Mforce_MCAK/web/CAK/tmp/tmp23vhqd6o/final_results.zip', reloading
2025-02-27 10:51:30,348 -  * Detected change in '/home/dwaipayand/Mforce_MCAK/web/CAK/tmp/tmp23vhqd6o/final_results.zip', reloading
2025-02-27 10:51:30,348 -  * Detected change in '/home/dwaipayand/Mforce_MCAK/web/CAK/tmp/tmp23vhqd6o/final_results.zip', reloading
2025-02-27 10:51:30,348 -  * Detected change in '/home/dwaipayand/Mforce_MCAK/web/CAK/tmp/tmp23vhqd6o/final_results.zip', reloading
2025-02-27 10:51:30,349 -  * Detected change in '/home/dwaipayand/Mforce_MCAK/web/CAK/tmp/tmp23vhqd6o/final_results.zip', reloading
2025-02-27 10:51:30,349 -  * Detected change in '/home/dwaipayand/Mforce_MCAK/web/CAK/tmp/tmp23vhqd6o/final_results.zip', reloading
2025-02-27 10:51:30,349 -  * Detected change in '/home/dwaipayand/Mforce_MCAK/web/CAK/tmp/tmp23vhqd6o/final_results.zip', reloading
2025-02-27 10:51:30,349 -  * Detected change in '/home/dwaipayand/Mforce_MCAK/web/CAK/tmp/tmp23vhqd6o/final_results.zip', reloading
2025-02-27 10:51:30,349 -  * Detected change in '/home/dwaipayand/Mforce_MCAK/web/CAK/tmp/tmp23vhqd6o/final_results.zip', reloading
2025-02-27 10:51:30,349 -  * Detected change in '/home/dwaipayand/Mforce_MCAK/web/CAK/tmp/tmp23vhqd6o/final_results.zip', reloading
2025-02-27 10:51:30,349 -  * Detected change in '/home/dwaipayand/Mforce_MCAK/web/CAK/tmp/tmp23vhqd6o/final_results.zip', reloading
2025-02-27 10:51:30,350 -  * Detected change in '/home/dwaipayand/Mforce_MCAK/web/CAK/tmp/tmp23vhqd6o/final_results.zip', reloading
2025-02-27 10:51:30,350 -  * Detected change in '/home/dwaipayand/Mforce_MCAK/web/CAK/tmp/tmp23vhqd6o/final_results.zip', reloading
2025-02-27 10:51:30,350 -  * Detected change in '/home/dwaipayand/Mforce_MCAK/web/CAK/tmp/tmp23vhqd6o/final_results.zip', reloading
2025-02-27 10:51:30,350 -  * Detected change in '/home/dwaipayand/Mforce_MCAK/web/CAK/tmp/tmp23vhqd6o/final_results.zip', reloading
2025-02-27 10:51:30,350 -  * Detected change in '/home/dwaipayand/Mforce_MCAK/web/CAK/tmp/tmp23vhqd6o/final_results.zip', reloading
2025-02-27 10:51:30,350 -  * Detected change in '/home/dwaipayand/Mforce_MCAK/web/CAK/tmp/tmp23vhqd6o/final_results.zip', reloading
2025-02-27 10:51:30,350 -  * Detected change in '/home/dwaipayand/Mforce_MCAK/web/CAK/tmp/tmp23vhqd6o/final_results.zip', reloading
2025-02-27 10:51:30,350 -  * Detected change in '/home/dwaipayand/Mforce_MCAK/web/CAK/tmp/tmp23vhqd6o/final_results.zip', reloading
2025-02-27 10:51:30,351 -  * Detected change in '/home/dwaipayand/Mforce_MCAK/web/CAK/tmp/tmp23vhqd6o/final_results.zip', reloading
2025-02-27 10:51:30,351 -  * Detected change in '/home/dwaipayand/Mforce_MCAK/web/CAK/tmp/tmp23vhqd6o/final_results.zip', reloading
2025-02-27 10:51:30,351 -  * Detected change in '/home/dwaipayand/Mforce_MCAK/web/CAK/tmp/tmp23vhqd6o/final_results.zip', reloading
2025-02-27 10:51:30,351 -  * Detected change in '/home/dwaipayand/Mforce_MCAK/web/CAK/tmp/tmp23vhqd6o/final_results.zip', reloading
2025-02-27 10:51:30,351 -  * Detected change in '/home/dwaipayand/Mforce_MCAK/web/CAK/tmp/tmp23vhqd6o/final_results.zip', reloading
2025-02-27 10:51:30,351 -  * Detected change in '/home/dwaipayand/Mforce_MCAK/web/CAK/tmp/tmp23vhqd6o/final_results.zip', reloading
2025-02-27 10:51:30,584 - Normalized CPU Usage (Single Core): 0.00%
2025-02-27 10:51:30,584 - Memory Usage: 144.04 MB
2025-02-27 10:51:30,800 -  * Restarting with watchdog (inotify)
2025-02-27 10:51:31,505 -  * Debugger is active!
2025-02-27 10:51:31,505 -  * Debugger PIN: 309-696-524
2025-02-27 10:51:31,585 - Normalized CPU Usage (Single Core): 0.00%
2025-02-27 10:51:31,585 - Memory Usage: 144.04 MB
2025-02-27 10:51:32,505 - Normalized CPU Usage (Single Core): 28.90%
2025-02-27 10:51:32,505 - Memory Usage: 143.41 MB
2025-02-27 10:51:32,586 - Normalized CPU Usage (Single Core): 0.00%
2025-02-27 10:51:32,587 - Memory Usage: 144.04 MB
2025-02-27 10:51:33,508 - Normalized CPU Usage (Single Core): 0.00%
2025-02-27 10:51:33,508 - Memory Usage: 148.53 MB
2025-02-27 10:51:33,588 - Normalized CPU Usage (Single Core): 0.00%
2025-02-27 10:51:33,588 - Memory Usage: 144.04 MB
2025-02-27 10:51:34,510 - Normalized CPU Usage (Single Core): 2.00%
2025-02-27 10:51:34,511 - Memory Usage: 148.53 MB
2025-02-27 10:51:34,589 - Normalized CPU Usage (Single Core): 0.00%
2025-02-27 10:51:34,589 - Memory Usage: 144.04 MB
2025-02-27 10:51:35,513 - Normalized CPU Usage (Single Core): 0.00%
2025-02-27 10:51:35,513 - Memory Usage: 148.53 MB
2025-02-27 10:51:35,591 - Normalized CPU Usage (Single Core): 0.00%
2025-02-27 10:51:35,591 - Memory Usage: 144.04 MB
2025-02-27 10:51:36,515 - Normalized CPU Usage (Single Core): 2.00%
2025-02-27 10:51:36,515 - Memory Usage: 148.53 MB
2025-02-27 10:51:36,593 - Normalized CPU Usage (Single Core): 0.00%
2025-02-27 10:51:36,593 - Memory Usage: 144.04 MB
2025-02-27 10:51:37,517 - Normalized CPU Usage (Single Core): 0.00%
2025-02-27 10:51:37,517 - Memory Usage: 148.53 MB
2025-02-27 10:51:37,594 - Normalized CPU Usage (Single Core): 0.00%
2025-02-27 10:51:37,595 - Memory Usage: 144.04 MB
2025-02-27 10:51:38,520 - Normalized CPU Usage (Single Core): 2.00%
2025-02-27 10:51:38,520 - Memory Usage: 148.53 MB
2025-02-27 10:51:38,596 - Normalized CPU Usage (Single Core): 0.00%
2025-02-27 10:51:38,596 - Memory Usage: 144.04 MB
2025-02-27 10:51:39,521 - Normalized CPU Usage (Single Core): 1.00%
2025-02-27 10:51:39,522 - Memory Usage: 148.53 MB
2025-02-27 10:51:39,597 - Normalized CPU Usage (Single Core): 0.00%
2025-02-27 10:51:39,598 - Memory Usage: 144.04 MB
2025-02-27 10:51:40,524 - Normalized CPU Usage (Single Core): 2.00%
2025-02-27 10:51:40,524 - Memory Usage: 148.53 MB
2025-02-27 10:51:40,600 - Normalized CPU Usage (Single Core): 0.00%
2025-02-27 10:51:40,600 - Memory Usage: 144.04 MB
2025-02-27 10:51:41,526 - Normalized CPU Usage (Single Core): 1.00%
2025-02-27 10:51:41,527 - Memory Usage: 148.53 MB
2025-02-27 10:51:41,602 - Normalized CPU Usage (Single Core): 0.00%
2025-02-27 10:51:41,602 - Memory Usage: 144.04 MB
2025-02-27 10:51:42,529 - Normalized CPU Usage (Single Core): 1.00%
2025-02-27 10:51:42,529 - Memory Usage: 148.53 MB
2025-02-27 10:51:42,604 - Normalized CPU Usage (Single Core): 0.00%
2025-02-27 10:51:42,604 - Memory Usage: 144.04 MB
2025-02-27 10:51:43,531 - Normalized CPU Usage (Single Core): 0.00%
2025-02-27 10:51:43,532 - Memory Usage: 148.53 MB
2025-02-27 10:51:43,606 - Normalized CPU Usage (Single Core): 0.00%
2025-02-27 10:51:43,606 - Memory Usage: 144.04 MB
2025-02-27 10:51:44,534 - Normalized CPU Usage (Single Core): 1.00%
2025-02-27 10:51:44,534 - Memory Usage: 148.53 MB
2025-02-27 10:51:44,608 - Normalized CPU Usage (Single Core): 0.00%
2025-02-27 10:51:44,609 - Memory Usage: 144.04 MB
2025-02-27 10:51:45,536 - Normalized CPU Usage (Single Core): 2.00%
2025-02-27 10:51:45,536 - Memory Usage: 148.53 MB
2025-02-27 10:51:45,610 - Normalized CPU Usage (Single Core): 0.00%
2025-02-27 10:51:45,610 - Memory Usage: 144.04 MB
2025-02-27 10:51:46,538 - Normalized CPU Usage (Single Core): 1.00%
2025-02-27 10:51:46,539 - Memory Usage: 148.53 MB
2025-02-27 10:51:46,612 - Normalized CPU Usage (Single Core): 0.00%
2025-02-27 10:51:46,612 - Memory Usage: 144.04 MB
2025-02-27 10:51:47,549 - Normalized CPU Usage (Single Core): 1.00%
2025-02-27 10:51:47,549 - Memory Usage: 148.53 MB
2025-02-27 10:51:47,613 - Normalized CPU Usage (Single Core): 0.00%
2025-02-27 10:51:47,613 - Memory Usage: 144.04 MB
2025-02-27 10:51:48,550 - Normalized CPU Usage (Single Core): 0.00%
2025-02-27 10:51:48,551 - Memory Usage: 148.53 MB
2025-02-27 10:51:48,615 - Normalized CPU Usage (Single Core): 0.00%
2025-02-27 10:51:48,615 - Memory Usage: 144.04 MB
2025-02-27 10:51:49,552 - Normalized CPU Usage (Single Core): 1.00%
2025-02-27 10:51:49,552 - Memory Usage: 148.53 MB
2025-02-27 10:51:49,616 - Normalized CPU Usage (Single Core): 0.00%
2025-02-27 10:51:49,616 - Memory Usage: 144.04 MB
2025-02-27 10:51:50,555 - Normalized CPU Usage (Single Core): 1.00%
2025-02-27 10:51:50,555 - Memory Usage: 148.53 MB
2025-02-27 10:51:50,617 - Normalized CPU Usage (Single Core): 0.00%
2025-02-27 10:51:50,618 - Memory Usage: 144.04 MB
2025-02-27 10:51:51,557 - Normalized CPU Usage (Single Core): 0.00%
2025-02-27 10:51:51,557 - Memory Usage: 148.53 MB
2025-02-27 10:51:51,619 - Normalized CPU Usage (Single Core): 0.00%
2025-02-27 10:51:51,619 - Memory Usage: 144.04 MB
2025-02-27 10:51:52,560 - Normalized CPU Usage (Single Core): 2.00%
2025-02-27 10:51:52,560 - Memory Usage: 148.53 MB
2025-02-27 10:51:52,620 - Normalized CPU Usage (Single Core): 0.00%
2025-02-27 10:51:52,621 - Memory Usage: 144.04 MB
2025-02-27 10:51:53,563 - Normalized CPU Usage (Single Core): 1.00%
2025-02-27 10:51:53,563 - Memory Usage: 148.53 MB
2025-02-27 10:51:53,622 - Normalized CPU Usage (Single Core): 0.00%
2025-02-27 10:51:53,622 - Memory Usage: 144.04 MB
2025-02-27 10:51:54,565 - Normalized CPU Usage (Single Core): 1.00%
2025-02-27 10:51:54,565 - Memory Usage: 148.53 MB
2025-02-27 10:51:54,624 - Normalized CPU Usage (Single Core): 0.00%
2025-02-27 10:51:54,624 - Memory Usage: 144.04 MB
2025-02-27 10:51:55,568 - Normalized CPU Usage (Single Core): 0.00%
2025-02-27 10:51:55,568 - Memory Usage: 148.53 MB
2025-02-27 10:51:55,626 - Normalized CPU Usage (Single Core): 0.00%
2025-02-27 10:51:55,626 - Memory Usage: 144.04 MB
2025-02-27 10:51:56,571 - Normalized CPU Usage (Single Core): 1.00%
2025-02-27 10:51:56,571 - Memory Usage: 148.53 MB
2025-02-27 10:51:56,628 - Normalized CPU Usage (Single Core): 0.00%
2025-02-27 10:51:56,629 - Memory Usage: 144.04 MB
2025-02-27 10:51:57,574 - Normalized CPU Usage (Single Core): 1.00%
2025-02-27 10:51:57,574 - Memory Usage: 148.53 MB
2025-02-27 10:51:57,631 - Normalized CPU Usage (Single Core): 0.00%
2025-02-27 10:51:57,631 - Memory Usage: 144.04 MB
2025-02-27 10:51:58,576 - Normalized CPU Usage (Single Core): 1.00%
2025-02-27 10:51:58,577 - Memory Usage: 148.53 MB
2025-02-27 10:51:58,632 - Normalized CPU Usage (Single Core): 0.00%
2025-02-27 10:51:58,633 - Memory Usage: 144.04 MB
2025-02-27 10:51:59,579 - Normalized CPU Usage (Single Core): 0.00%
2025-02-27 10:51:59,580 - Memory Usage: 148.53 MB
2025-02-27 10:51:59,634 - Normalized CPU Usage (Single Core): 0.00%
2025-02-27 10:51:59,635 - Memory Usage: 144.04 MB
2025-02-27 10:52:00,582 - Normalized CPU Usage (Single Core): 0.00%
2025-02-27 10:52:00,582 - Memory Usage: 148.53 MB
2025-02-27 10:52:00,637 - Normalized CPU Usage (Single Core): 0.00%
2025-02-27 10:52:00,637 - Memory Usage: 144.04 MB
2025-02-27 10:52:01,585 - Normalized CPU Usage (Single Core): 2.00%
2025-02-27 10:52:01,585 - Memory Usage: 148.53 MB
2025-02-27 10:52:01,639 - Normalized CPU Usage (Single Core): 0.00%
2025-02-27 10:52:01,639 - Memory Usage: 144.04 MB
2025-02-27 10:52:02,587 - Normalized CPU Usage (Single Core): 1.00%
2025-02-27 10:52:02,587 - Memory Usage: 148.53 MB
2025-02-27 10:52:02,641 - Normalized CPU Usage (Single Core): 0.00%
2025-02-27 10:52:02,641 - Memory Usage: 144.04 MB
2025-02-27 10:52:03,590 - Normalized CPU Usage (Single Core): 1.00%
2025-02-27 10:52:03,590 - Memory Usage: 148.53 MB
2025-02-27 10:52:03,643 - Normalized CPU Usage (Single Core): 0.00%
2025-02-27 10:52:03,643 - Memory Usage: 144.04 MB
2025-02-27 10:52:04,592 - Normalized CPU Usage (Single Core): 1.00%
2025-02-27 10:52:04,593 - Memory Usage: 148.53 MB
2025-02-27 10:52:04,644 - Normalized CPU Usage (Single Core): 0.00%
2025-02-27 10:52:04,645 - Memory Usage: 144.04 MB
2025-02-27 10:52:05,595 - Normalized CPU Usage (Single Core): 2.00%
2025-02-27 10:52:05,596 - Memory Usage: 148.53 MB
2025-02-27 10:52:05,646 - Normalized CPU Usage (Single Core): 0.00%
2025-02-27 10:52:05,647 - Memory Usage: 144.04 MB
2025-02-27 10:52:06,598 - Normalized CPU Usage (Single Core): 0.00%
2025-02-27 10:52:06,598 - Memory Usage: 148.53 MB
2025-02-27 10:52:06,647 - Normalized CPU Usage (Single Core): 0.00%
2025-02-27 10:52:06,648 - Memory Usage: 144.04 MB
2025-02-27 10:52:07,600 - Normalized CPU Usage (Single Core): 2.00%
2025-02-27 10:52:07,600 - Memory Usage: 148.53 MB
2025-02-27 10:52:07,649 - Normalized CPU Usage (Single Core): 0.00%
2025-02-27 10:52:07,649 - Memory Usage: 144.04 MB
2025-02-27 10:52:08,602 - Normalized CPU Usage (Single Core): 1.00%
2025-02-27 10:52:08,602 - Memory Usage: 148.53 MB
2025-02-27 10:52:08,651 - Normalized CPU Usage (Single Core): 0.00%
2025-02-27 10:52:08,651 - Memory Usage: 144.04 MB
2025-02-27 10:52:09,604 - Normalized CPU Usage (Single Core): 1.00%
2025-02-27 10:52:09,605 - Memory Usage: 148.53 MB
2025-02-27 10:52:09,653 - Normalized CPU Usage (Single Core): 0.00%
2025-02-27 10:52:09,653 - Memory Usage: 144.04 MB
2025-02-27 10:52:10,605 - Normalized CPU Usage (Single Core): 1.00%
2025-02-27 10:52:10,605 - Memory Usage: 148.53 MB
2025-02-27 10:52:10,655 - Normalized CPU Usage (Single Core): 0.00%
2025-02-27 10:52:10,655 - Memory Usage: 144.04 MB
2025-02-27 10:52:11,606 - Normalized CPU Usage (Single Core): 2.00%
2025-02-27 10:52:11,607 - Memory Usage: 148.53 MB
2025-02-27 10:52:11,657 - Normalized CPU Usage (Single Core): 0.00%
2025-02-27 10:52:11,657 - Memory Usage: 144.04 MB
2025-02-27 10:52:12,609 - Normalized CPU Usage (Single Core): 0.00%
2025-02-27 10:52:12,609 - Memory Usage: 148.53 MB
2025-02-27 10:52:12,657 - Normalized CPU Usage (Single Core): 0.00%
2025-02-27 10:52:12,657 - Memory Usage: 144.04 MB
2025-02-27 10:52:13,611 - Normalized CPU Usage (Single Core): 0.00%
2025-02-27 10:52:13,612 - Memory Usage: 148.53 MB
2025-02-27 10:52:13,659 - Normalized CPU Usage (Single Core): 0.00%
2025-02-27 10:52:13,659 - Memory Usage: 144.04 MB
2025-02-27 10:52:14,614 - Normalized CPU Usage (Single Core): 2.00%
2025-02-27 10:52:14,615 - Memory Usage: 148.53 MB
2025-02-27 10:52:14,661 - Normalized CPU Usage (Single Core): 0.00%
2025-02-27 10:52:14,661 - Memory Usage: 144.04 MB
2025-02-27 10:52:15,617 - Normalized CPU Usage (Single Core): 1.00%
2025-02-27 10:52:15,617 - Memory Usage: 148.53 MB
2025-02-27 10:52:15,662 - Normalized CPU Usage (Single Core): 0.00%
2025-02-27 10:52:15,663 - Memory Usage: 144.04 MB
2025-02-27 10:52:16,620 - Normalized CPU Usage (Single Core): 1.00%
2025-02-27 10:52:16,620 - Memory Usage: 148.53 MB
2025-02-27 10:52:16,664 - Normalized CPU Usage (Single Core): 0.00%
2025-02-27 10:52:16,665 - Memory Usage: 144.04 MB
2025-02-27 10:52:17,623 - Normalized CPU Usage (Single Core): 2.00%
2025-02-27 10:52:17,623 - Memory Usage: 148.53 MB
2025-02-27 10:52:17,666 - Normalized CPU Usage (Single Core): 0.00%
2025-02-27 10:52:17,666 - Memory Usage: 144.04 MB
2025-02-27 10:52:18,626 - Normalized CPU Usage (Single Core): 0.00%
2025-02-27 10:52:18,626 - Memory Usage: 148.53 MB
2025-02-27 10:52:18,668 - Normalized CPU Usage (Single Core): 0.00%
2025-02-27 10:52:18,668 - Memory Usage: 144.04 MB
2025-02-27 10:52:19,628 - Normalized CPU Usage (Single Core): 1.00%
2025-02-27 10:52:19,628 - Memory Usage: 148.53 MB
2025-02-27 10:52:19,679 - Normalized CPU Usage (Single Core): 0.00%
2025-02-27 10:52:19,680 - Memory Usage: 144.04 MB
2025-02-27 10:52:20,631 - Normalized CPU Usage (Single Core): 1.00%
2025-02-27 10:52:20,631 - Memory Usage: 148.53 MB
2025-02-27 10:52:20,681 - Normalized CPU Usage (Single Core): 1.00%
2025-02-27 10:52:20,682 - Memory Usage: 144.04 MB
2025-02-27 10:52:21,633 - Normalized CPU Usage (Single Core): 1.00%
2025-02-27 10:52:21,634 - Memory Usage: 148.53 MB
2025-02-27 10:52:21,683 - Normalized CPU Usage (Single Core): 0.00%
2025-02-27 10:52:21,684 - Memory Usage: 144.04 MB
2025-02-27 10:52:22,637 - Normalized CPU Usage (Single Core): 1.00%
2025-02-27 10:52:22,637 - Memory Usage: 148.53 MB
2025-02-27 10:52:22,685 - Normalized CPU Usage (Single Core): 0.00%
2025-02-27 10:52:22,685 - Memory Usage: 144.04 MB
2025-02-27 10:52:23,640 - Normalized CPU Usage (Single Core): 1.00%
2025-02-27 10:52:23,640 - Memory Usage: 148.53 MB
2025-02-27 10:52:23,685 - Normalized CPU Usage (Single Core): 0.00%
2025-02-27 10:52:23,686 - Memory Usage: 144.04 MB
2025-02-27 10:52:24,642 - Normalized CPU Usage (Single Core): 2.00%
2025-02-27 10:52:24,642 - Memory Usage: 148.53 MB
2025-02-27 10:52:24,687 - Normalized CPU Usage (Single Core): 0.00%
2025-02-27 10:52:24,688 - Memory Usage: 144.04 MB
2025-02-27 10:52:25,645 - Normalized CPU Usage (Single Core): 0.00%
2025-02-27 10:52:25,645 - Memory Usage: 148.53 MB
2025-02-27 10:52:25,689 - Normalized CPU Usage (Single Core): 0.00%
2025-02-27 10:52:25,689 - Memory Usage: 144.04 MB
2025-02-27 10:52:26,648 - Normalized CPU Usage (Single Core): 1.00%
2025-02-27 10:52:26,648 - Memory Usage: 148.53 MB
2025-02-27 10:52:26,691 - Normalized CPU Usage (Single Core): 0.00%
2025-02-27 10:52:26,691 - Memory Usage: 144.04 MB
2025-02-27 10:52:27,650 - Normalized CPU Usage (Single Core): 1.00%
2025-02-27 10:52:27,651 - Memory Usage: 148.53 MB
2025-02-27 10:52:27,693 - Normalized CPU Usage (Single Core): 0.00%
2025-02-27 10:52:27,694 - Memory Usage: 144.04 MB
2025-02-27 10:52:28,652 - Normalized CPU Usage (Single Core): 1.00%
2025-02-27 10:52:28,652 - Memory Usage: 148.53 MB
2025-02-27 10:52:28,696 - Normalized CPU Usage (Single Core): 0.00%
2025-02-27 10:52:28,696 - Memory Usage: 144.04 MB
2025-02-27 10:52:29,655 - Normalized CPU Usage (Single Core): 1.00%
2025-02-27 10:52:29,655 - Memory Usage: 148.53 MB
2025-02-27 10:52:29,698 - Normalized CPU Usage (Single Core): 0.00%
2025-02-27 10:52:29,698 - Memory Usage: 144.04 MB
2025-02-27 10:52:30,656 - Normalized CPU Usage (Single Core): 1.00%
2025-02-27 10:52:30,657 - Memory Usage: 148.53 MB
2025-02-27 10:52:30,700 - Normalized CPU Usage (Single Core): 0.00%
2025-02-27 10:52:30,700 - Memory Usage: 144.04 MB
2025-02-27 10:52:31,660 - Normalized CPU Usage (Single Core): 0.00%
2025-02-27 10:52:31,660 - Memory Usage: 148.53 MB
2025-02-27 10:52:31,701 - Normalized CPU Usage (Single Core): 0.00%
2025-02-27 10:52:31,702 - Memory Usage: 144.04 MB
2025-02-27 10:52:32,662 - Normalized CPU Usage (Single Core): 2.00%
2025-02-27 10:52:32,662 - Memory Usage: 148.53 MB
2025-02-27 10:52:32,703 - Normalized CPU Usage (Single Core): 0.00%
2025-02-27 10:52:32,703 - Memory Usage: 144.04 MB
2025-02-27 10:52:33,665 - Normalized CPU Usage (Single Core): 1.00%
2025-02-27 10:52:33,665 - Memory Usage: 148.53 MB
2025-02-27 10:52:33,704 - Normalized CPU Usage (Single Core): 0.00%
2025-02-27 10:52:33,704 - Memory Usage: 144.04 MB
2025-02-27 10:52:34,667 - Normalized CPU Usage (Single Core): 0.00%
2025-02-27 10:52:34,667 - Memory Usage: 148.53 MB
2025-02-27 10:52:34,706 - Normalized CPU Usage (Single Core): 0.00%
2025-02-27 10:52:34,706 - Memory Usage: 144.04 MB
2025-02-27 10:52:35,670 - Normalized CPU Usage (Single Core): 1.00%
2025-02-27 10:52:35,670 - Memory Usage: 148.53 MB
2025-02-27 10:52:35,708 - Normalized CPU Usage (Single Core): 0.00%
2025-02-27 10:52:35,708 - Memory Usage: 144.04 MB
2025-02-27 10:52:36,672 - Normalized CPU Usage (Single Core): 1.00%
2025-02-27 10:52:36,672 - Memory Usage: 148.53 MB
2025-02-27 10:52:36,709 - Normalized CPU Usage (Single Core): 0.00%
2025-02-27 10:52:36,710 - Memory Usage: 144.04 MB
2025-02-27 10:52:37,676 - Normalized CPU Usage (Single Core): 0.00%
2025-02-27 10:52:37,676 - Memory Usage: 148.53 MB
2025-02-27 10:52:37,711 - Normalized CPU Usage (Single Core): 0.00%
2025-02-27 10:52:37,711 - Memory Usage: 144.04 MB
2025-02-27 10:52:38,678 - Normalized CPU Usage (Single Core): 1.00%
2025-02-27 10:52:38,679 - Memory Usage: 148.53 MB
2025-02-27 10:52:38,713 - Normalized CPU Usage (Single Core): 0.00%
2025-02-27 10:52:38,713 - Memory Usage: 144.04 MB
2025-02-27 10:52:39,681 - Normalized CPU Usage (Single Core): 2.00%
2025-02-27 10:52:39,681 - Memory Usage: 148.53 MB
2025-02-27 10:52:39,715 - Normalized CPU Usage (Single Core): 0.00%
2025-02-27 10:52:39,715 - Memory Usage: 144.04 MB
2025-02-27 10:52:40,684 - Normalized CPU Usage (Single Core): 1.00%
2025-02-27 10:52:40,684 - Memory Usage: 148.53 MB
2025-02-27 10:52:40,717 - Normalized CPU Usage (Single Core): 0.00%
2025-02-27 10:52:40,717 - Memory Usage: 144.04 MB
2025-02-27 10:52:41,686 - Normalized CPU Usage (Single Core): 0.00%
2025-02-27 10:52:41,687 - Memory Usage: 148.53 MB
2025-02-27 10:52:41,718 - Normalized CPU Usage (Single Core): 0.00%
2025-02-27 10:52:41,718 - Memory Usage: 144.04 MB
2025-02-27 10:52:42,698 - Normalized CPU Usage (Single Core): 1.00%
2025-02-27 10:52:42,698 - Memory Usage: 148.53 MB
2025-02-27 10:52:42,720 - Normalized CPU Usage (Single Core): 0.00%
2025-02-27 10:52:42,720 - Memory Usage: 144.04 MB
2025-02-27 10:52:43,701 - Normalized CPU Usage (Single Core): 1.00%
2025-02-27 10:52:43,701 - Memory Usage: 148.53 MB
2025-02-27 10:52:43,722 - Normalized CPU Usage (Single Core): 0.00%
2025-02-27 10:52:43,722 - Memory Usage: 144.04 MB
2025-02-27 10:52:44,703 - Normalized CPU Usage (Single Core): 2.00%
2025-02-27 10:52:44,704 - Memory Usage: 148.53 MB
2025-02-27 10:52:44,724 - Normalized CPU Usage (Single Core): 0.00%
2025-02-27 10:52:44,725 - Memory Usage: 144.04 MB
2025-02-27 10:52:45,704 - Normalized CPU Usage (Single Core): 0.00%
2025-02-27 10:52:45,704 - Memory Usage: 148.53 MB
2025-02-27 10:52:45,727 - Normalized CPU Usage (Single Core): 0.00%
2025-02-27 10:52:45,727 - Memory Usage: 144.04 MB
2025-02-27 10:52:46,705 - Normalized CPU Usage (Single Core): 1.00%
2025-02-27 10:52:46,705 - Memory Usage: 148.53 MB
2025-02-27 10:52:46,728 - Normalized CPU Usage (Single Core): 0.00%
2025-02-27 10:52:46,728 - Memory Usage: 144.04 MB
2025-02-27 10:52:47,707 - Normalized CPU Usage (Single Core): 1.00%
2025-02-27 10:52:47,708 - Memory Usage: 148.53 MB
2025-02-27 10:52:47,729 - Normalized CPU Usage (Single Core): 0.00%
2025-02-27 10:52:47,729 - Memory Usage: 144.04 MB
2025-02-27 10:52:48,709 - Normalized CPU Usage (Single Core): 1.00%
2025-02-27 10:52:48,710 - Memory Usage: 148.53 MB
2025-02-27 10:52:48,731 - Normalized CPU Usage (Single Core): 0.00%
2025-02-27 10:52:48,731 - Memory Usage: 144.04 MB
2025-02-27 10:52:49,712 - Normalized CPU Usage (Single Core): 1.00%
2025-02-27 10:52:49,712 - Memory Usage: 148.53 MB
2025-02-27 10:52:49,733 - Normalized CPU Usage (Single Core): 0.00%
2025-02-27 10:52:49,733 - Memory Usage: 144.04 MB
2025-02-27 10:52:50,714 - Normalized CPU Usage (Single Core): 2.00%
2025-02-27 10:52:50,715 - Memory Usage: 148.53 MB
2025-02-27 10:52:50,734 - Normalized CPU Usage (Single Core): 0.00%
2025-02-27 10:52:50,735 - Memory Usage: 144.04 MB
2025-02-27 10:52:51,716 - Normalized CPU Usage (Single Core): 1.00%
2025-02-27 10:52:51,717 - Memory Usage: 148.53 MB
2025-02-27 10:52:51,737 - Normalized CPU Usage (Single Core): 0.00%
2025-02-27 10:52:51,737 - Memory Usage: 144.04 MB
2025-02-27 10:52:52,718 - Normalized CPU Usage (Single Core): 1.00%
2025-02-27 10:52:52,719 - Memory Usage: 148.53 MB
2025-02-27 10:52:52,738 - Normalized CPU Usage (Single Core): 0.00%
2025-02-27 10:52:52,739 - Memory Usage: 144.04 MB
2025-02-27 10:52:53,720 - Normalized CPU Usage (Single Core): 1.00%
2025-02-27 10:52:53,721 - Memory Usage: 148.53 MB
2025-02-27 10:52:53,740 - Normalized CPU Usage (Single Core): 0.00%
2025-02-27 10:52:53,740 - Memory Usage: 144.04 MB
2025-02-27 10:52:54,722 - Normalized CPU Usage (Single Core): 1.00%
2025-02-27 10:52:54,723 - Memory Usage: 148.53 MB
2025-02-27 10:52:54,741 - Normalized CPU Usage (Single Core): 0.00%
2025-02-27 10:52:54,742 - Memory Usage: 144.04 MB
2025-02-27 10:52:55,724 - Normalized CPU Usage (Single Core): 1.00%
2025-02-27 10:52:55,725 - Memory Usage: 148.53 MB
2025-02-27 10:52:55,743 - Normalized CPU Usage (Single Core): 0.00%
2025-02-27 10:52:55,743 - Memory Usage: 144.04 MB
2025-02-27 10:52:56,727 - Normalized CPU Usage (Single Core): 2.00%
2025-02-27 10:52:56,727 - Memory Usage: 148.53 MB
2025-02-27 10:52:56,745 - Normalized CPU Usage (Single Core): 0.00%
2025-02-27 10:52:56,745 - Memory Usage: 144.04 MB
2025-02-27 13:52:57,994 - Normalized CPU Usage (Single Core): 0.00%
2025-02-27 13:52:57,994 - Memory Usage: 148.53 MB
2025-02-27 13:52:58,013 - Normalized CPU Usage (Single Core): 0.00%
2025-02-27 13:52:58,013 - Memory Usage: 144.04 MB
2025-02-27 14:06:35,054 - Normalized CPU Usage (Single Core): 0.10%
2025-02-27 14:06:35,054 - Memory Usage: 148.53 MB
2025-02-27 14:06:35,070 - Normalized CPU Usage (Single Core): 0.00%
2025-02-27 14:06:35,070 - Memory Usage: 144.04 MB
2025-02-27 14:06:36,056 - Normalized CPU Usage (Single Core): 1.00%
2025-02-27 14:06:36,056 - Memory Usage: 148.80 MB
2025-02-27 14:06:36,071 - Normalized CPU Usage (Single Core): 0.00%
2025-02-27 14:06:36,071 - Memory Usage: 144.56 MB
2025-02-27 14:06:37,058 - Normalized CPU Usage (Single Core): 1.00%
2025-02-27 14:06:37,058 - Memory Usage: 148.80 MB
2025-02-27 14:06:37,072 - Normalized CPU Usage (Single Core): 0.00%
2025-02-27 14:06:37,073 - Memory Usage: 144.56 MB
2025-02-27 14:06:38,060 - Normalized CPU Usage (Single Core): 1.00%
2025-02-27 14:06:38,060 - Memory Usage: 148.80 MB
2025-02-27 14:06:38,074 - Normalized CPU Usage (Single Core): 0.00%
2025-02-27 14:06:38,074 - Memory Usage: 144.56 MB
2025-02-27 14:06:39,062 - Normalized CPU Usage (Single Core): 1.00%
2025-02-27 14:06:39,062 - Memory Usage: 148.80 MB
2025-02-27 14:06:39,076 - Normalized CPU Usage (Single Core): 0.00%
2025-02-27 14:06:39,076 - Memory Usage: 144.56 MB
2025-02-27 14:06:40,064 - Normalized CPU Usage (Single Core): 1.00%
2025-02-27 14:06:40,065 - Memory Usage: 148.80 MB
2025-02-27 14:06:40,077 - Normalized CPU Usage (Single Core): 0.00%
2025-02-27 14:06:40,077 - Memory Usage: 144.56 MB
2025-02-27 14:06:41,067 - Normalized CPU Usage (Single Core): 1.00%
2025-02-27 14:06:41,067 - Memory Usage: 148.80 MB
2025-02-27 14:06:41,079 - Normalized CPU Usage (Single Core): 0.00%
2025-02-27 14:06:41,079 - Memory Usage: 144.56 MB
2025-02-27 14:06:42,069 - Normalized CPU Usage (Single Core): 0.00%
2025-02-27 14:06:42,069 - Memory Usage: 148.80 MB
2025-02-27 14:06:42,081 - Normalized CPU Usage (Single Core): 0.00%
2025-02-27 14:06:42,081 - Memory Usage: 144.56 MB
2025-02-27 14:06:43,071 - Normalized CPU Usage (Single Core): 2.00%
2025-02-27 14:06:43,071 - Memory Usage: 148.80 MB
2025-02-27 14:06:43,083 - Normalized CPU Usage (Single Core): 0.00%
2025-02-27 14:06:43,083 - Memory Usage: 144.56 MB
2025-02-27 14:06:44,073 - Normalized CPU Usage (Single Core): 0.00%
2025-02-27 14:06:44,073 - Memory Usage: 148.80 MB
2025-02-27 14:06:44,084 - Normalized CPU Usage (Single Core): 0.00%
2025-02-27 14:06:44,084 - Memory Usage: 144.56 MB
2025-02-27 14:06:45,075 - Normalized CPU Usage (Single Core): 1.00%
2025-02-27 14:06:45,075 - Memory Usage: 148.80 MB
2025-02-27 14:06:45,085 - Normalized CPU Usage (Single Core): 0.00%
2025-02-27 14:06:45,085 - Memory Usage: 144.56 MB
2025-02-27 14:06:46,077 - Normalized CPU Usage (Single Core): 0.00%
2025-02-27 14:06:46,077 - Memory Usage: 148.80 MB
2025-02-27 14:06:46,087 - Normalized CPU Usage (Single Core): 0.00%
2025-02-27 14:06:46,087 - Memory Usage: 144.56 MB
2025-02-27 14:06:47,079 - Normalized CPU Usage (Single Core): 2.00%
2025-02-27 14:06:47,079 - Memory Usage: 148.80 MB
2025-02-27 14:06:47,089 - Normalized CPU Usage (Single Core): 0.00%
2025-02-27 14:06:47,089 - Memory Usage: 144.56 MB
2025-02-27 14:06:48,081 - Normalized CPU Usage (Single Core): 0.00%
2025-02-27 14:06:48,081 - Memory Usage: 148.80 MB
2025-02-27 14:06:48,091 - Normalized CPU Usage (Single Core): 0.00%
2025-02-27 14:06:48,091 - Memory Usage: 144.56 MB
2025-02-27 14:06:49,082 - Normalized CPU Usage (Single Core): 1.00%
2025-02-27 14:06:49,082 - Memory Usage: 148.80 MB
2025-02-27 14:06:49,092 - Normalized CPU Usage (Single Core): 1.00%
2025-02-27 14:06:49,092 - Memory Usage: 144.56 MB
2025-02-27 14:06:50,083 - Normalized CPU Usage (Single Core): 1.00%
2025-02-27 14:06:50,083 - Memory Usage: 148.80 MB
2025-02-27 14:06:50,093 - Normalized CPU Usage (Single Core): 0.00%
2025-02-27 14:06:50,093 - Memory Usage: 144.56 MB
2025-02-27 14:06:51,086 - Normalized CPU Usage (Single Core): 0.00%
2025-02-27 14:06:51,087 - Memory Usage: 148.80 MB
2025-02-27 14:06:51,105 - Normalized CPU Usage (Single Core): 0.00%
2025-02-27 14:06:51,105 - Memory Usage: 144.56 MB
2025-02-27 14:06:52,089 - Normalized CPU Usage (Single Core): 2.00%
2025-02-27 14:06:52,090 - Memory Usage: 148.80 MB
2025-02-27 14:06:52,108 - Normalized CPU Usage (Single Core): 0.00%
2025-02-27 14:06:52,108 - Memory Usage: 144.56 MB
2025-02-27 14:06:53,093 - Normalized CPU Usage (Single Core): 0.00%
2025-02-27 14:06:53,093 - Memory Usage: 148.80 MB
2025-02-27 14:06:53,111 - Normalized CPU Usage (Single Core): 0.00%
2025-02-27 14:06:53,111 - Memory Usage: 144.56 MB
2025-02-27 14:06:54,095 - Normalized CPU Usage (Single Core): 1.00%
2025-02-27 14:06:54,096 - Memory Usage: 148.80 MB
2025-02-27 14:06:54,113 - Normalized CPU Usage (Single Core): 0.00%
2025-02-27 14:06:54,113 - Memory Usage: 144.56 MB
2025-02-27 14:06:55,097 - Normalized CPU Usage (Single Core): 0.00%
2025-02-27 14:06:55,097 - Memory Usage: 148.80 MB
2025-02-27 14:06:55,114 - Normalized CPU Usage (Single Core): 0.00%
2025-02-27 14:06:55,114 - Memory Usage: 144.56 MB
2025-02-27 14:06:56,106 - Normalized CPU Usage (Single Core): 2.00%
2025-02-27 14:06:56,106 - Memory Usage: 148.80 MB
2025-02-27 14:06:56,117 - Normalized CPU Usage (Single Core): 0.00%
2025-02-27 14:06:56,117 - Memory Usage: 144.56 MB
2025-02-27 14:06:57,108 - Normalized CPU Usage (Single Core): 0.00%
2025-02-27 14:06:57,108 - Memory Usage: 148.80 MB
2025-02-27 14:06:57,118 - Normalized CPU Usage (Single Core): 0.00%
2025-02-27 14:06:57,118 - Memory Usage: 144.56 MB
2025-02-27 14:06:58,109 - Normalized CPU Usage (Single Core): 0.00%
2025-02-27 14:06:58,109 - Memory Usage: 148.80 MB
2025-02-27 14:06:58,119 - Normalized CPU Usage (Single Core): 0.00%
2025-02-27 14:06:58,120 - Memory Usage: 144.56 MB
2025-02-27 14:06:59,112 - Normalized CPU Usage (Single Core): 2.00%
2025-02-27 14:06:59,112 - Memory Usage: 148.80 MB
2025-02-27 14:06:59,121 - Normalized CPU Usage (Single Core): 0.00%
2025-02-27 14:06:59,122 - Memory Usage: 144.56 MB
2025-02-27 14:07:00,114 - Normalized CPU Usage (Single Core): 0.00%
2025-02-27 14:07:00,114 - Memory Usage: 148.80 MB
2025-02-27 14:07:00,123 - Normalized CPU Usage (Single Core): 0.00%
2025-02-27 14:07:00,123 - Memory Usage: 144.56 MB
2025-02-27 14:07:01,116 - Normalized CPU Usage (Single Core): 2.00%
2025-02-27 14:07:01,116 - Memory Usage: 148.80 MB
2025-02-27 14:07:01,125 - Normalized CPU Usage (Single Core): 0.00%
2025-02-27 14:07:01,125 - Memory Usage: 144.56 MB
2025-02-27 14:07:02,118 - Normalized CPU Usage (Single Core): 0.00%
2025-02-27 14:07:02,118 - Memory Usage: 148.80 MB
2025-02-27 14:07:02,126 - Normalized CPU Usage (Single Core): 0.00%
2025-02-27 14:07:02,126 - Memory Usage: 144.56 MB
2025-02-27 14:07:03,120 - Normalized CPU Usage (Single Core): 0.00%
2025-02-27 14:07:03,120 - Memory Usage: 148.80 MB
2025-02-27 14:07:03,127 - Normalized CPU Usage (Single Core): 0.00%
2025-02-27 14:07:03,127 - Memory Usage: 144.56 MB
2025-02-27 14:07:04,122 - Normalized CPU Usage (Single Core): 2.00%
2025-02-27 14:07:04,122 - Memory Usage: 148.80 MB
2025-02-27 14:07:04,128 - Normalized CPU Usage (Single Core): 0.00%
2025-02-27 14:07:04,128 - Memory Usage: 144.56 MB
2025-02-27 14:07:05,123 - Normalized CPU Usage (Single Core): 0.00%
2025-02-27 14:07:05,123 - Memory Usage: 148.80 MB
2025-02-27 14:07:05,129 - Normalized CPU Usage (Single Core): 0.00%
2025-02-27 14:07:05,129 - Memory Usage: 144.56 MB
2025-02-27 14:07:06,125 - Normalized CPU Usage (Single Core): 1.00%
2025-02-27 14:07:06,125 - Memory Usage: 148.80 MB
2025-02-27 14:07:06,130 - Normalized CPU Usage (Single Core): 0.00%
2025-02-27 14:07:06,130 - Memory Usage: 144.56 MB
2025-02-27 14:07:07,127 - Normalized CPU Usage (Single Core): 1.00%
2025-02-27 14:07:07,127 - Memory Usage: 148.80 MB
2025-02-27 14:07:07,131 - Normalized CPU Usage (Single Core): 0.00%
2025-02-27 14:07:07,131 - Memory Usage: 144.56 MB
2025-02-27 14:07:08,129 - Normalized CPU Usage (Single Core): 1.00%
2025-02-27 14:07:08,129 - Memory Usage: 148.80 MB
2025-02-27 14:07:08,132 - Normalized CPU Usage (Single Core): 0.00%
2025-02-27 14:07:08,132 - Memory Usage: 144.56 MB
2025-02-27 14:07:09,131 - Normalized CPU Usage (Single Core): 1.00%
2025-02-27 14:07:09,131 - Memory Usage: 148.80 MB
2025-02-27 14:07:09,134 - Normalized CPU Usage (Single Core): 0.00%
2025-02-27 14:07:09,134 - Memory Usage: 144.56 MB
2025-02-27 14:07:10,133 - Normalized CPU Usage (Single Core): 2.00%
2025-02-27 14:07:10,133 - Memory Usage: 148.80 MB
2025-02-27 14:07:10,135 - Normalized CPU Usage (Single Core): 0.00%
2025-02-27 14:07:10,135 - Memory Usage: 144.56 MB
2025-02-27 14:07:11,135 - Normalized CPU Usage (Single Core): 0.00%
2025-02-27 14:07:11,135 - Memory Usage: 148.80 MB
2025-02-27 14:07:11,136 - Normalized CPU Usage (Single Core): 0.00%
2025-02-27 14:07:11,136 - Memory Usage: 144.56 MB
2025-02-27 14:07:12,138 - Normalized CPU Usage (Single Core): 2.00%
2025-02-27 14:07:12,138 - Memory Usage: 148.80 MB
2025-02-27 14:07:12,138 - Normalized CPU Usage (Single Core): 0.00%
2025-02-27 14:07:12,138 - Memory Usage: 144.56 MB
2025-02-27 14:07:13,140 - Normalized CPU Usage (Single Core): 0.00%
2025-02-27 14:07:13,140 - Memory Usage: 144.56 MB
2025-02-27 14:07:13,140 - Normalized CPU Usage (Single Core): 0.00%
2025-02-27 14:07:13,141 - Memory Usage: 148.80 MB
2025-02-27 14:07:14,142 - Normalized CPU Usage (Single Core): 0.00%
2025-02-27 14:07:14,142 - Memory Usage: 144.56 MB
2025-02-27 14:07:14,143 - Normalized CPU Usage (Single Core): 1.00%
2025-02-27 14:07:14,143 - Memory Usage: 148.80 MB
2025-02-27 14:07:15,143 - Normalized CPU Usage (Single Core): 0.00%
2025-02-27 14:07:15,143 - Memory Usage: 144.56 MB
2025-02-27 14:07:15,144 - Normalized CPU Usage (Single Core): 1.00%
2025-02-27 14:07:15,144 - Memory Usage: 148.80 MB
2025-02-27 14:07:16,145 - Normalized CPU Usage (Single Core): 0.00%
2025-02-27 14:07:16,145 - Normalized CPU Usage (Single Core): 1.00%
2025-02-27 14:07:16,145 - Memory Usage: 144.56 MB
2025-02-27 14:07:16,145 - Memory Usage: 148.80 MB
2025-02-27 14:07:16,601 -  * Detected change in '/home/dwaipayand/Mforce_MCAK/web/CAK/app.py', reloading
2025-02-27 14:07:16,601 -  * Detected change in '/home/dwaipayand/Mforce_MCAK/web/CAK/app.py', reloading
2025-02-27 14:07:16,620 -  * Detected change in '/home/dwaipayand/Mforce_MCAK/web/CAK/app.py', reloading
2025-02-27 14:07:17,146 - Normalized CPU Usage (Single Core): 0.00%
2025-02-27 14:07:17,146 - Memory Usage: 144.56 MB
2025-02-27 14:07:17,147 - Normalized CPU Usage (Single Core): 1.00%
2025-02-27 14:07:17,147 - Memory Usage: 148.80 MB
2025-02-27 14:07:18,148 - Normalized CPU Usage (Single Core): 0.00%
2025-02-27 14:07:18,148 - Memory Usage: 144.56 MB
2025-02-27 14:07:18,148 - Normalized CPU Usage (Single Core): 1.00%
2025-02-27 14:07:18,148 - Memory Usage: 148.80 MB
2025-02-27 14:07:18,329 -  * Restarting with watchdog (inotify)
2025-02-27 14:07:19,149 - Normalized CPU Usage (Single Core): 0.00%
2025-02-27 14:07:19,149 - Memory Usage: 144.56 MB
